# Logfile created on 2018-05-12 20:51:51 +0530 by logger.rb/v1.2.7
  INFO ---------------------------------------------------------------------------
  INFO START 2018-05-12 20:51:51 +0530 cap production deploy
  INFO ---------------------------------------------------------------------------
  INFO [eb8fcc1c] Running /usr/bin/env mkdir -p /tmp as deploy@13.127.182.169
 DEBUG [eb8fcc1c] Command: /usr/bin/env mkdir -p /tmp
  INFO ---------------------------------------------------------------------------
  INFO START 2018-05-12 20:53:58 +0530 cap production deploy
  INFO ---------------------------------------------------------------------------
  INFO [45843cf4] Running /usr/bin/env mkdir -p /tmp as deploy@13.127.182.169
 DEBUG [45843cf4] Command: /usr/bin/env mkdir -p /tmp
  INFO ---------------------------------------------------------------------------
  INFO START 2018-05-12 20:57:13 +0530 cap production deploy
  INFO ---------------------------------------------------------------------------
  INFO [5f88c244] Running /usr/bin/env mkdir -p /tmp as ec2-user@13.127.182.169
 DEBUG [5f88c244] Command: /usr/bin/env mkdir -p /tmp
  INFO ---------------------------------------------------------------------------
  INFO START 2018-05-12 21:00:56 +0530 cap production deploy
  INFO ---------------------------------------------------------------------------
  INFO [e4ee66ff] Running /usr/bin/env mkdir -p /tmp as ec2-user@13.127.182.169
 DEBUG [e4ee66ff] Command: /usr/bin/env mkdir -p /tmp
  INFO ---------------------------------------------------------------------------
  INFO START 2018-05-12 23:46:23 +0530 cap production deploy
  INFO ---------------------------------------------------------------------------
  INFO [3f637fe0] Running /usr/bin/env mkdir -p /tmp on http
 DEBUG [3f637fe0] Command: /usr/bin/env mkdir -p /tmp
  INFO ---------------------------------------------------------------------------
  INFO START 2018-05-12 23:48:55 +0530 cap production deploy
  INFO ---------------------------------------------------------------------------
  INFO [3d6d8dc9] Running /usr/bin/env mkdir -p /tmp on http
 DEBUG [3d6d8dc9] Command: /usr/bin/env mkdir -p /tmp
